<?xml version="1.0" encoding="UTF-8" ?>
<testsuite failures="0" time="143.348" errors="0" skipped="0" tests="8" name="com.DFATTests.Chrome.IntelligenceOfficerFullFormReviewChromeTest">
  <properties>
[...]
</properties>
  <testcase time="1.514" classname="com.DFATTests.Chrome.IntelligenceOfficerFullFormReviewChromeTest" name="A_NavigateToIntelligenceOfficerApplicationTest"/>
  <testcase time="14.806" classname="com.DFATTests.Chrome.IntelligenceOfficerFullFormReviewChromeTest" name="B_LoginAsUserTest"/>
  <testcase time="34.563" classname="com.DFATTests.Chrome.IntelligenceOfficerFullFormReviewChromeTest" name="C_FillFormFormPersonalSectionComplete"/>
  <testcase time="10.079" classname="com.DFATTests.Chrome.IntelligenceOfficerFullFormReviewChromeTest" name="D_FillFormPartnerAndRelationshipSectionComplete"/>
  <testcase time="10.09" classname="com.DFATTests.Chrome.IntelligenceOfficerFullFormReviewChromeTest" name="E_FillFormEducationAndEmploymentSectionComplete"/>
  <testcase time="10.117" classname="com.DFATTests.Chrome.IntelligenceOfficerFullFormReviewChromeTest" name="F_FillFormExtraCurrAndForeignExpSectionComplete"/>
  <testcase time="25.161" classname="com.DFATTests.Chrome.IntelligenceOfficerFullFormReviewChromeTest" name="G_FillFormExtendedResponseSectionComplete"/>
  <testcase time="37.018" classname="com.DFATTests.Chrome.IntelligenceOfficerFullFormReviewChromeTest" name="H_SubmitFormSection"/>
</testsuite>