<?xml version="1.0" encoding="UTF-8" ?>
<testsuite failures="1" time="104.844" errors="0" skipped="0" tests="8" name="com.DFATTests.Chrome.testNGIntelligenceOfficerFullFormTest">
  <properties>
[...]
</properties>
  <testcase time="0.922" classname="com.DFATTests.Chrome.testNGIntelligenceOfficerFullFormTest" name="A_NavigateToIntelligenceOfficerApplicationTest"/>
  <testcase time="8.759" classname="com.DFATTests.Chrome.testNGIntelligenceOfficerFullFormTest" name="B_LoginAsUserTest"/>
  <testcase time="24.503" classname="com.DFATTests.Chrome.testNGIntelligenceOfficerFullFormTest" name="C_FillFormFormPersonalSectionComplete">
    <failure type="java.lang.AssertionError">java.lang.AssertionError
	at org.junit.Assert.fail(Assert.java:86)
	at org.junit.Assert.assertTrue(Assert.java:41)
	at org.junit.Assert.assertTrue(Assert.java:52)
	at com.DFAT_Australia.BaseClass.enterText(BaseClass.java:170)
	at com.DFATPageObjects.MyApplications.Step1_Personal_PageObjects.FillFormStandard(Step1_Personal_PageObjects.java:199)
	at com.DFATTests.Chrome.testNGIntelligenceOfficerFullFormTest.C_FillFormFormPersonalSectionComplete(testNGIntelligenceOfficerFullFormTest.java:83)
	at sun.reflect.NativeMethodAccessorImpl.invoke0(Native Method)
	at sun.reflect.NativeMethodAccessorImpl.invoke(NativeMethodAccessorImpl.java:57)
	at sun.reflect.DelegatingMethodAccessorImpl.invoke(DelegatingMethodAccessorImpl.java:43)
	at java.lang.reflect.Method.invoke(Method.java:606)
	at org.junit.runners.model.FrameworkMethod$1.runReflectiveCall(FrameworkMethod.java:50)
	at org.junit.internal.runners.model.ReflectiveCallable.run(ReflectiveCallable.java:12)
	at org.junit.runners.model.FrameworkMethod.invokeExplosively(FrameworkMethod.java:47)
	at org.junit.internal.runners.statements.InvokeMethod.evaluate(InvokeMethod.java:17)
	at org.junit.rules.TestWatcher$1.evaluate(TestWatcher.java:55)
	at org.junit.rules.RunRules.evaluate(RunRules.java:20)
	at org.junit.runners.ParentRunner.runLeaf(ParentRunner.java:325)
	at org.junit.runners.BlockJUnit4ClassRunner.runChild(BlockJUnit4ClassRunner.java:78)
	at org.junit.runners.BlockJUnit4ClassRunner.runChild(BlockJUnit4ClassRunner.java:57)
	at org.junit.runners.ParentRunner$3.run(ParentRunner.java:290)
	at org.junit.runners.ParentRunner$1.schedule(ParentRunner.java:71)
	at org.junit.runners.ParentRunner.runChildren(ParentRunner.java:288)
	at org.junit.runners.ParentRunner.access$000(ParentRunner.java:58)
	at org.junit.runners.ParentRunner$2.evaluate(ParentRunner.java:268)
	at org.junit.internal.runners.statements.RunBefores.evaluate(RunBefores.java:26)
	at org.junit.internal.runners.statements.RunAfters.evaluate(RunAfters.java:27)
	at org.junit.runners.ParentRunner.run(ParentRunner.java:363)
	at org.apache.maven.surefire.junit4.JUnit4Provider.execute(JUnit4Provider.java:252)
	at org.apache.maven.surefire.junit4.JUnit4Provider.executeTestSet(JUnit4Provider.java:141)
	at org.apache.maven.surefire.junit4.JUnit4Provider.invoke(JUnit4Provider.java:112)
	at sun.reflect.NativeMethodAccessorImpl.invoke0(Native Method)
	at sun.reflect.NativeMethodAccessorImpl.invoke(NativeMethodAccessorImpl.java:57)
	at sun.reflect.DelegatingMethodAccessorImpl.invoke(DelegatingMethodAccessorImpl.java:43)
	at java.lang.reflect.Method.invoke(Method.java:606)
	at org.apache.maven.surefire.util.ReflectionUtils.invokeMethodWithArray(ReflectionUtils.java:189)
	at org.apache.maven.surefire.booter.ProviderFactory$ProviderProxy.invoke(ProviderFactory.java:165)
	at org.apache.maven.surefire.booter.ProviderFactory.invokeProvider(ProviderFactory.java:85)
	at org.apache.maven.surefire.booter.ForkedBooter.runSuitesInProcess(ForkedBooter.java:115)
	at org.apache.maven.surefire.booter.ForkedBooter.main(ForkedBooter.java:75)
</failure>
    <system-out>No Upload Photo Option
No Upload Cv Option
</system-out>
  </testcase>
  <testcase time="10.136" classname="com.DFATTests.Chrome.testNGIntelligenceOfficerFullFormTest" name="D_FillFormPartnerAndRelationshipSectionComplete"/>
  <testcase time="10.124" classname="com.DFATTests.Chrome.testNGIntelligenceOfficerFullFormTest" name="E_FillFormEducationAndEmploymentSectionComplete"/>
  <testcase time="10.108" classname="com.DFATTests.Chrome.testNGIntelligenceOfficerFullFormTest" name="F_FillFormExtraCurrAndForeignExpSectionComplete"/>
  <testcase time="25.165" classname="com.DFATTests.Chrome.testNGIntelligenceOfficerFullFormTest" name="G_FillFormExtendedResponseSectionComplete"/>
  <testcase time="15.127" classname="com.DFATTests.Chrome.testNGIntelligenceOfficerFullFormTest" name="H_SubmitFormSection"/>
</testsuite>