<?xml version="1.0" encoding="UTF-8" ?>
<testsuite failures="0" time="39.838" errors="1" skipped="0" tests="16" name="com.DFATTests.Chrome.ParaIntelligenceOfficerFullFormTest">
  <properties>
[...]
</properties>
  <testcase time="1.294" classname="com.DFATTests.Chrome.ParaIntelligenceOfficerFullFormTest" name="A_NavigateToIntelligenceOfficerApplicationTest[Data Row #: 0]"/>
  <testcase time="18.301" classname="com.DFATTests.Chrome.ParaIntelligenceOfficerFullFormTest" name="B_LoginAsUserTest[Data Row #: 0]"/>
  <testcase time="3.45" classname="com.DFATTests.Chrome.ParaIntelligenceOfficerFullFormTest" name="C_FillFormFormPersonalSectionComplete[Data Row #: 0]"/>
  <testcase time="0.061" classname="com.DFATTests.Chrome.ParaIntelligenceOfficerFullFormTest" name="D_FillFormPartnerAndRelationshipSectionComplete[Data Row #: 0]"/>
  <testcase time="0.068" classname="com.DFATTests.Chrome.ParaIntelligenceOfficerFullFormTest" name="E_FillFormEducationAndEmploymentSectionComplete[Data Row #: 0]"/>
  <testcase time="0.058" classname="com.DFATTests.Chrome.ParaIntelligenceOfficerFullFormTest" name="F_FillFormExtraCurrAndForeignExpSectionComplete[Data Row #: 0]"/>
  <testcase time="0.01" classname="com.DFATTests.Chrome.ParaIntelligenceOfficerFullFormTest" name="G_FillFormExtendedResponseSectionComplete[Data Row #: 0]"/>
  <testcase time="0.003" classname="com.DFATTests.Chrome.ParaIntelligenceOfficerFullFormTest" name="H_SubmitFormSection[Data Row #: 0]"/>
  <testcase time="0.061" classname="com.DFATTests.Chrome.ParaIntelligenceOfficerFullFormTest" name="A_NavigateToIntelligenceOfficerApplicationTest[Data Row #: 1]">
    <error message="no such window: target window already closed
from unknown error: web view not found
  (Session info: chrome=43.0.2357.132)
  (Driver info: chromedriver=2.14.313457 (3d645c400edf2e2c500566c9aa096063e707c9cf),platform=Windows NT 6.3 x86_64) (WARNING: The server did not provide any stacktrace information)
Command duration or timeout: 2 milliseconds
Build info: version: &apos;2.45.0&apos;, revision: &apos;5017cb8e7ca8e37638dc3091b2440b90a1d8686f&apos;, time: &apos;2015-02-27 09:10:26&apos;
System info: host: &apos;VJPC468&apos;, ip: &apos;10.71.21.71&apos;, os.name: &apos;Windows 8&apos;, os.arch: &apos;amd64&apos;, os.version: &apos;6.2&apos;, java.version: &apos;1.7.0_51&apos;
*** Element info: {Using=xpath, value=//a[contains(@id,&apos;mainsection_1_maincontent_0_bodycontent_1_VacancyBlock_JobRolesListing_ctl00_hypApply&apos;)]}
Session ID: 6a3a2ddf036b84cf2e805b9b04cc96d1
Driver info: org.openqa.selenium.chrome.ChromeDriver
Capabilities [{platform=WIN8, acceptSslCerts=true, javascriptEnabled=true, browserName=chrome, chrome={userDataDir=C:\Users\gsharma\AppData\Local\Temp\scoped_dir18060_5001}, rotatable=false, locationContextEnabled=true, mobileEmulationEnabled=false, version=43.0.2357.132, takesHeapSnapshot=true, cssSelectorsEnabled=true, databaseEnabled=false, handlesAlerts=true, browserConnectionEnabled=false, webStorageEnabled=true, nativeEvents=true, applicationCacheEnabled=false, takesScreenshot=true}]" type="org.openqa.selenium.NoSuchWindowException">org.openqa.selenium.NoSuchWindowException: no such window: target window already closed
from unknown error: web view not found
  (Session info: chrome=43.0.2357.132)
  (Driver info: chromedriver=2.14.313457 (3d645c400edf2e2c500566c9aa096063e707c9cf),platform=Windows NT 6.3 x86_64) (WARNING: The server did not provide any stacktrace information)
Command duration or timeout: 2 milliseconds
Build info: version: &apos;2.45.0&apos;, revision: &apos;5017cb8e7ca8e37638dc3091b2440b90a1d8686f&apos;, time: &apos;2015-02-27 09:10:26&apos;
System info: host: &apos;VJPC468&apos;, ip: &apos;10.71.21.71&apos;, os.name: &apos;Windows 8&apos;, os.arch: &apos;amd64&apos;, os.version: &apos;6.2&apos;, java.version: &apos;1.7.0_51&apos;
*** Element info: {Using=xpath, value=//a[contains(@id,&apos;mainsection_1_maincontent_0_bodycontent_1_VacancyBlock_JobRolesListing_ctl00_hypApply&apos;)]}
Session ID: 6a3a2ddf036b84cf2e805b9b04cc96d1
Driver info: org.openqa.selenium.chrome.ChromeDriver
Capabilities [{platform=WIN8, acceptSslCerts=true, javascriptEnabled=true, browserName=chrome, chrome={userDataDir=C:\Users\gsharma\AppData\Local\Temp\scoped_dir18060_5001}, rotatable=false, locationContextEnabled=true, mobileEmulationEnabled=false, version=43.0.2357.132, takesHeapSnapshot=true, cssSelectorsEnabled=true, databaseEnabled=false, handlesAlerts=true, browserConnectionEnabled=false, webStorageEnabled=true, nativeEvents=true, applicationCacheEnabled=false, takesScreenshot=true}]
	at sun.reflect.NativeConstructorAccessorImpl.newInstance0(Native Method)
	at sun.reflect.NativeConstructorAccessorImpl.newInstance(NativeConstructorAccessorImpl.java:57)
	at sun.reflect.DelegatingConstructorAccessorImpl.newInstance(DelegatingConstructorAccessorImpl.java:45)
	at java.lang.reflect.Constructor.newInstance(Constructor.java:526)
	at org.openqa.selenium.remote.ErrorHandler.createThrowable(ErrorHandler.java:204)
	at org.openqa.selenium.remote.ErrorHandler.throwIfResponseFailed(ErrorHandler.java:156)
	at org.openqa.selenium.remote.RemoteWebDriver.execute(RemoteWebDriver.java:599)
	at org.openqa.selenium.remote.RemoteWebDriver.findElement(RemoteWebDriver.java:352)
	at org.openqa.selenium.remote.RemoteWebDriver.findElementByXPath(RemoteWebDriver.java:449)
	at org.openqa.selenium.By$ByXPath.findElement(By.java:357)
	at org.openqa.selenium.remote.RemoteWebDriver.findElement(RemoteWebDriver.java:344)
	at org.openqa.selenium.support.pagefactory.DefaultElementLocator.findElement(DefaultElementLocator.java:59)
	at org.openqa.selenium.support.pagefactory.internal.LocatingElementHandler.invoke(LocatingElementHandler.java:37)
	at com.sun.proxy.$Proxy13.getTagName(Unknown Source)
	at com.DFAT_Australia.BaseClass.click(BaseClass.java:160)
	at com.DFATPageObjects.Careers.Roles_VacanciesPageObjects.ClickViewAndApplyIOfficerButton(Roles_VacanciesPageObjects.java:24)
	at com.DFATTests.Chrome.ParaIntelligenceOfficerFullFormTest.A_NavigateToIntelligenceOfficerApplicationTest(ParaIntelligenceOfficerFullFormTest.java:149)
	at sun.reflect.NativeMethodAccessorImpl.invoke0(Native Method)
	at sun.reflect.NativeMethodAccessorImpl.invoke(NativeMethodAccessorImpl.java:57)
	at sun.reflect.DelegatingMethodAccessorImpl.invoke(DelegatingMethodAccessorImpl.java:43)
	at java.lang.reflect.Method.invoke(Method.java:606)
	at org.junit.runners.model.FrameworkMethod$1.runReflectiveCall(FrameworkMethod.java:50)
	at org.junit.internal.runners.model.ReflectiveCallable.run(ReflectiveCallable.java:12)
	at org.junit.runners.model.FrameworkMethod.invokeExplosively(FrameworkMethod.java:47)
	at org.junit.internal.runners.statements.InvokeMethod.evaluate(InvokeMethod.java:17)
	at org.junit.rules.TestWatcher$1.evaluate(TestWatcher.java:55)
	at org.junit.rules.RunRules.evaluate(RunRules.java:20)
	at org.junit.runners.ParentRunner.runLeaf(ParentRunner.java:325)
	at org.junit.runners.BlockJUnit4ClassRunner.runChild(BlockJUnit4ClassRunner.java:78)
	at org.junit.runners.BlockJUnit4ClassRunner.runChild(BlockJUnit4ClassRunner.java:57)
	at org.junit.runners.ParentRunner$3.run(ParentRunner.java:290)
	at org.junit.runners.ParentRunner$1.schedule(ParentRunner.java:71)
	at org.junit.runners.ParentRunner.runChildren(ParentRunner.java:288)
	at org.junit.runners.ParentRunner.access$000(ParentRunner.java:58)
	at org.junit.runners.ParentRunner$2.evaluate(ParentRunner.java:268)
	at org.junit.runners.ParentRunner.run(ParentRunner.java:363)
	at org.junit.runners.Suite.runChild(Suite.java:128)
	at org.junit.runners.Suite.runChild(Suite.java:27)
	at org.junit.runners.ParentRunner$3.run(ParentRunner.java:290)
	at org.junit.runners.ParentRunner$1.schedule(ParentRunner.java:71)
	at org.junit.runners.ParentRunner.runChildren(ParentRunner.java:288)
	at org.junit.runners.ParentRunner.access$000(ParentRunner.java:58)
	at org.junit.runners.ParentRunner$2.evaluate(ParentRunner.java:268)
	at org.junit.internal.runners.statements.RunBefores.evaluate(RunBefores.java:26)
	at org.junit.internal.runners.statements.RunAfters.evaluate(RunAfters.java:27)
	at org.junit.runners.ParentRunner.run(ParentRunner.java:363)
	at org.apache.maven.surefire.junit4.JUnit4TestSet.execute(JUnit4TestSet.java:53)
	at org.apache.maven.surefire.junit4.JUnit4Provider.executeTestSet(JUnit4Provider.java:123)
	at org.apache.maven.surefire.junit4.JUnit4Provider.invoke(JUnit4Provider.java:104)
	at sun.reflect.NativeMethodAccessorImpl.invoke0(Native Method)
	at sun.reflect.NativeMethodAccessorImpl.invoke(NativeMethodAccessorImpl.java:57)
	at sun.reflect.DelegatingMethodAccessorImpl.invoke(DelegatingMethodAccessorImpl.java:43)
	at java.lang.reflect.Method.invoke(Method.java:606)
	at org.apache.maven.surefire.util.ReflectionUtils.invokeMethodWithArray(ReflectionUtils.java:164)
	at org.apache.maven.surefire.booter.ProviderFactory$ProviderProxy.invoke(ProviderFactory.java:110)
	at org.apache.maven.surefire.booter.SurefireStarter.invokeProvider(SurefireStarter.java:175)
	at org.apache.maven.surefire.booter.SurefireStarter.runSuitesInProcessWhenForked(SurefireStarter.java:107)
	at org.apache.maven.surefire.booter.ForkedBooter.main(ForkedBooter.java:68)
</error>
  </testcase>
  <testcase time="0.055" classname="com.DFATTests.Chrome.ParaIntelligenceOfficerFullFormTest" name="B_LoginAsUserTest[Data Row #: 1]"/>
  <testcase time="0.062" classname="com.DFATTests.Chrome.ParaIntelligenceOfficerFullFormTest" name="C_FillFormFormPersonalSectionComplete[Data Row #: 1]"/>
  <testcase time="0.059" classname="com.DFATTests.Chrome.ParaIntelligenceOfficerFullFormTest" name="D_FillFormPartnerAndRelationshipSectionComplete[Data Row #: 1]"/>
  <testcase time="0.061" classname="com.DFATTests.Chrome.ParaIntelligenceOfficerFullFormTest" name="E_FillFormEducationAndEmploymentSectionComplete[Data Row #: 1]"/>
  <testcase time="0.057" classname="com.DFATTests.Chrome.ParaIntelligenceOfficerFullFormTest" name="F_FillFormExtraCurrAndForeignExpSectionComplete[Data Row #: 1]"/>
  <testcase time="0.009" classname="com.DFATTests.Chrome.ParaIntelligenceOfficerFullFormTest" name="G_FillFormExtendedResponseSectionComplete[Data Row #: 1]"/>
  <testcase time="0.004" classname="com.DFATTests.Chrome.ParaIntelligenceOfficerFullFormTest" name="H_SubmitFormSection[Data Row #: 1]"/>
</testsuite>